17:40:55.326 [http-nio-8190-exec-1] INFO  c.k.k.s.query.QueryController - 	1f8d500d-f364-49d8-8553-ecd79a0d1f07		Running time	'TS1: QueryController.typeSeries(...) start - query preparation, custom part':	0.03	sec 
17:40:55.352 [http-nio-8190-exec-1] INFO  c.k.k.s.query.QueryController - 	1f8d500d-f364-49d8-8553-ecd79a0d1f07		Running time	'COMMON_SERVICE2: Query preparation, common part':	0.03	sec 
17:40:55.372 [http-nio-8190-exec-1] INFO  c.k.k.s.query.QueryController - 	1f8d500d-f364-49d8-8553-ecd79a0d1f07		Running time	'COMMON_SERVICE3: Check the cache content':	0.02	sec 
17:40:55.383 [http-nio-8190-exec-1] INFO  c.k.k.s.query.QueryController - 	1f8d500d-f364-49d8-8553-ecd79a0d1f07		Running time	'01 start of call.executeBackendQuery in CommonService (finish by step 18)EasySelect':	0.01	sec 
17:40:55.428 [ForkJoinPool.commonPool-worker-25] INFO  c.k.k.s.query.QueryController - 	1f8d500d-f364-49d8-8553-ecd79a0d1f07		Running time	'18 execution time of call.executeBackendQuery in CommonService (started at step 01)KSBase':	0.04	sec 
17:40:55.428 [http-nio-8190-exec-1] INFO  c.k.k.s.query.QueryController - 	1f8d500d-f364-49d8-8553-ecd79a0d1f07		Running time	'18 execution time of call.executeBackendQuery in CommonService (started at step 01)EasySelect':	0.04	sec 
17:40:55.430 [http-nio-8190-exec-1] INFO  c.k.k.s.query.QueryController - 	1f8d500d-f364-49d8-8553-ecd79a0d1f07		Running time	'19 start of merging query results (finish by step 22)':	0.00	sec 
17:40:55.432 [http-nio-8190-exec-1] INFO  c.k.k.s.query.QueryController - 	1f8d500d-f364-49d8-8553-ecd79a0d1f07		Running time	'20 start of merge get()':	0.00	sec 
17:40:55.461 [EurekaBackendQueryExecutor-1] INFO  c.k.k.s.query.QueryController - 	1f8d500d-f364-49d8-8553-ecd79a0d1f07	3ba73e62-1a73-4b08-b809-b04fec573d14	Running time	'03 start of the getsupplier function ':	0.02	sec 
17:40:55.461 [EurekaBackendQueryExecutor-2] INFO  c.k.k.s.query.QueryController - 	1f8d500d-f364-49d8-8553-ecd79a0d1f07	697243e0-8041-4299-9b11-00e3ed75ab77	Running time	'03 start of the getsupplier function ':	0.02	sec 
17:40:55.461 [EurekaBackendQueryExecutor-1] INFO  c.k.k.s.query.QueryController - 	1f8d500d-f364-49d8-8553-ecd79a0d1f07	3ba73e62-1a73-4b08-b809-b04fec573d14	Running time	'04 start of the new supplier creationEasySelect':	0.00	sec 
17:40:55.461 [EurekaBackendQueryExecutor-2] INFO  c.k.k.s.query.QueryController - 	1f8d500d-f364-49d8-8553-ecd79a0d1f07	697243e0-8041-4299-9b11-00e3ed75ab77	Running time	'04 start of the new supplier creationKSBase':	0.00	sec 
17:40:55.464 [EurekaBackendQueryExecutor-1] INFO  c.k.k.s.query.QueryController - 	1f8d500d-f364-49d8-8553-ecd79a0d1f07	3ba73e62-1a73-4b08-b809-b04fec573d14	Running time	'05 asynch 1 - start of getsupplier get (finish by step 14)EasySelect':	0.00	sec 
17:40:55.464 [EurekaBackendQueryExecutor-2] INFO  c.k.k.s.query.QueryController - 	1f8d500d-f364-49d8-8553-ecd79a0d1f07	697243e0-8041-4299-9b11-00e3ed75ab77	Running time	'05 asynch 1 - start of getsupplier get (finish by step 14)KSBase':	0.00	sec 
17:40:55.468 [EurekaBackendQueryExecutor-2] INFO  c.k.k.s.query.QueryController - 	1f8d500d-f364-49d8-8553-ecd79a0d1f07		Running time	'06 asynch 1 - start of get configuration and create request':	0.04	sec 
17:40:55.468 [EurekaBackendQueryExecutor-1] INFO  c.k.k.s.query.QueryController - 	1f8d500d-f364-49d8-8553-ecd79a0d1f07		Running time	'06 asynch 1 - start of get configuration and create request':	0.04	sec 
17:40:55.470 [EurekaBackendQueryExecutor-1] INFO  c.k.k.s.query.QueryController - 	1f8d500d-f364-49d8-8553-ecd79a0d1f07		Running time	'07 asynch 1 - execution time of get configuration and create request':	0.00	sec 
17:40:55.470 [EurekaBackendQueryExecutor-2] INFO  c.k.k.s.query.QueryController - 	1f8d500d-f364-49d8-8553-ecd79a0d1f07		Running time	'07 asynch 1 - execution time of get configuration and create request':	0.00	sec 
17:40:55.472 [EurekaBackendQueryExecutor-1] INFO  c.k.k.s.query.QueryController - 	1f8d500d-f364-49d8-8553-ecd79a0d1f07	3ba73e62-1a73-4b08-b809-b04fec573d14	Running time	'08 asynch 1 - start of getsupplier fetchEasySelect':	0.01	sec 
17:40:55.472 [EurekaBackendQueryExecutor-2] INFO  c.k.k.s.query.QueryController - 	1f8d500d-f364-49d8-8553-ecd79a0d1f07	697243e0-8041-4299-9b11-00e3ed75ab77	Running time	'08 asynch 1 - start of getsupplier fetchKSBase':	0.01	sec 
17:40:55.472 [EurekaBackendQueryExecutor-1] INFO  c.k.k.s.query.QueryController - 	1f8d500d-f364-49d8-8553-ecd79a0d1f07	3ba73e62-1a73-4b08-b809-b04fec573d14	Running time	'09 start of the complete asynchron call - asynch 2 (finish by step 13)- EasySelect - getConstrainedTypeseries':	0.00	sec 
17:40:55.472 [EurekaBackendQueryExecutor-2] INFO  c.k.k.s.query.QueryController - 	1f8d500d-f364-49d8-8553-ecd79a0d1f07	697243e0-8041-4299-9b11-00e3ed75ab77	Running time	'09 start of the complete asynchron call - asynch 2 (finish by step 13)- KSBase - getConstrainedTypeseries':	0.00	sec 
17:40:55.481 [Thread-3] INFO  c.k.k.s.query.QueryController - 	1f8d500d-f364-49d8-8553-ecd79a0d1f07	dff2aa93-090d-4d99-b946-4e200a51b658	Running time	'10 start of the creation of the connection- KSBase - getConstrainedTypeseries':	0.00	sec 
17:40:55.481 [Thread-4] INFO  c.k.k.s.query.QueryController - 	1f8d500d-f364-49d8-8553-ecd79a0d1f07	37e905dd-5765-434e-b49f-f5533e30f94c	Running time	'10 start of the creation of the connection- EasySelect - getConstrainedTypeseries':	0.00	sec 
17:40:55.505 [Thread-4] INFO  c.k.k.s.query.QueryController - 	1f8d500d-f364-49d8-8553-ecd79a0d1f07	37e905dd-5765-434e-b49f-f5533e30f94c	Running time	'101 start of getting the body- EasySelect - getConstrainedTypeseries':	0.02	sec 
17:40:55.505 [Thread-3] INFO  c.k.k.s.query.QueryController - 	1f8d500d-f364-49d8-8553-ecd79a0d1f07	dff2aa93-090d-4d99-b946-4e200a51b658	Running time	'101 start of getting the body- KSBase - getConstrainedTypeseries':	0.02	sec 
17:40:56.145 [Thread-4] INFO  c.k.k.s.query.QueryController - 	1f8d500d-f364-49d8-8553-ecd79a0d1f07	37e905dd-5765-434e-b49f-f5533e30f94c	Running time	'102 end of getting the body- EasySelect - getConstrainedTypeseries':	0.64	sec 
17:40:56.145 [Thread-3] INFO  c.k.k.s.query.QueryController - 	1f8d500d-f364-49d8-8553-ecd79a0d1f07	dff2aa93-090d-4d99-b946-4e200a51b658	Running time	'102 end of getting the body- KSBase - getConstrainedTypeseries':	0.64	sec 
17:40:56.349 [Thread-3] INFO  c.k.k.s.query.QueryController - 	1f8d500d-f364-49d8-8553-ecd79a0d1f07	dff2aa93-090d-4d99-b946-4e200a51b658	Running time	'11 execution time of the creation of the connection- KSBase - getConstrainedTypeseries':	0.20	sec 
17:40:56.351 [Thread-4] INFO  c.k.k.s.query.QueryController - 	1f8d500d-f364-49d8-8553-ecd79a0d1f07	37e905dd-5765-434e-b49f-f5533e30f94c	Running time	'11 execution time of the creation of the connection- EasySelect - getConstrainedTypeseries':	0.21	sec 
17:40:58.811 [Thread-3] INFO  CamosWrapperFactory - 	null	Call succeeded in 3328 ms - KSBase - getConstrainedTypeseries {"timestamp": "2020-04-02 17:40:58+0530", "class": "CamosWrapperFactory", "uid": "null", "system": "KSBase", "step": "getConstrainedTypeseries", "duration": "3328"}
17:40:58.813 [Thread-3] INFO  c.k.k.s.query.QueryController - 	1f8d500d-f364-49d8-8553-ecd79a0d1f07	dff2aa93-090d-4d99-b946-4e200a51b658	Running time	'12 Call succeeded in- KSBase - getConstrainedTypeseries':	2.46	sec 
17:40:58.853 [EurekaBackendQueryExecutor-2] INFO  c.k.k.s.query.QueryController - 	1f8d500d-f364-49d8-8553-ecd79a0d1f07	697243e0-8041-4299-9b11-00e3ed75ab77	Running time	'13 Asynchron call succeeded in - end asynch 2 (started at step 09)- KSBase - getConstrainedTypeseries':	3.38	sec 
17:40:59.005 [EurekaBackendQueryExecutor-2] INFO  c.k.k.s.query.QueryController - 	1f8d500d-f364-49d8-8553-ecd79a0d1f07	697243e0-8041-4299-9b11-00e3ed75ab77	Running time	'14 asynch 1 -  getsupplier get end (started at step 05)KSBase':	0.15	sec 
17:40:59.005 [http-nio-8190-exec-1] INFO  c.k.k.s.query.QueryController - 	1f8d500d-f364-49d8-8553-ecd79a0d1f07		Running time	'21 execution time of merge get()':	3.54	sec 
17:40:59.006 [http-nio-8190-exec-1] INFO  c.k.k.s.query.QueryController - 	1f8d500d-f364-49d8-8553-ecd79a0d1f07		Running time	'22 execution time of merging query results (started at step 19)':	0.00	sec 
17:40:59.006 [http-nio-8190-exec-1] INFO  c.k.k.s.query.QueryController - 	1f8d500d-f364-49d8-8553-ecd79a0d1f07		Running time	'20 start of merge get()':	0.00	sec 
17:41:01.799 [Thread-4] INFO  CamosWrapperFactory - 	null	Call succeeded in 6317 ms - EasySelect - getConstrainedTypeseries {"timestamp": "2020-04-02 17:41:01+0530", "class": "CamosWrapperFactory", "uid": "null", "system": "EasySelect", "step": "getConstrainedTypeseries", "duration": "6317"}
17:41:01.801 [Thread-4] INFO  c.k.k.s.query.QueryController - 	1f8d500d-f364-49d8-8553-ecd79a0d1f07	37e905dd-5765-434e-b49f-f5533e30f94c	Running time	'12 Call succeeded in- EasySelect - getConstrainedTypeseries':	5.45	sec 
17:41:01.841 [EurekaBackendQueryExecutor-1] INFO  c.k.k.s.query.QueryController - 	1f8d500d-f364-49d8-8553-ecd79a0d1f07	3ba73e62-1a73-4b08-b809-b04fec573d14	Running time	'13 Asynchron call succeeded in - end asynch 2 (started at step 09)- EasySelect - getConstrainedTypeseries':	6.37	sec 
17:41:02.073 [EurekaBackendQueryExecutor-1] INFO  c.k.k.s.query.QueryController - 	1f8d500d-f364-49d8-8553-ecd79a0d1f07	3ba73e62-1a73-4b08-b809-b04fec573d14	Running time	'14 asynch 1 -  getsupplier get end (started at step 05)EasySelect':	0.23	sec 
17:41:02.073 [http-nio-8190-exec-1] INFO  c.k.k.s.query.QueryController - 	1f8d500d-f364-49d8-8553-ecd79a0d1f07		Running time	'21 execution time of merge get()':	3.07	sec 
17:41:02.074 [http-nio-8190-exec-1] INFO  c.k.k.s.query.QueryController - 	1f8d500d-f364-49d8-8553-ecd79a0d1f07		Running time	'22 execution time of merging query results (started at step 19)':	0.00	sec 
17:41:02.078 [http-nio-8190-exec-1] INFO  c.k.k.s.query.QueryController - 	1f8d500d-f364-49d8-8553-ecd79a0d1f07		Running time	'COMMON_SERVICE3: Query and merge the result':	0.00	sec 
17:41:02.120 [http-nio-8190-exec-1] INFO  c.k.k.s.query.QueryController - 	1f8d500d-f364-49d8-8553-ecd79a0d1f07		Running time	'TS_PV4: Make matrix':	0.04	sec 
17:41:02.135 [http-nio-8190-exec-1] INFO  c.k.k.s.query.QueryController - 	1f8d500d-f364-49d8-8553-ecd79a0d1f07		Running time	'TS5: Evaluation of the result - service end':	0.01	sec 
17:41:02.137 [http-nio-8190-exec-1] INFO  c.k.k.s.query.QueryController - 	1f8d500d-f364-49d8-8553-ecd79a0d1f07		Running time	'TS6: QueryController.typeSeries(...) start - end':	6.84	sec 
17:41:08.644 [http-nio-8190-exec-3] INFO  c.k.k.s.q.QueryMetaDataController - 	bc297d72-3d06-4f5c-bc96-4f64e4e619ea		Running time	'PF1: QueryMetadataController.(get)ProductFamilies(...) start - query preparation':	0.02	sec 
17:41:08.654 [Thread-5] INFO  c.k.k.r.RuntimeMeasureService - 	32641f9a-4513-457c-ad00-350a7d4a5767		Running time	'10 start of the creation of the connection- KSBase - getProductFamily':	0.00	sec 
17:41:08.655 [Thread-5] INFO  c.k.k.r.RuntimeMeasureService - 	32641f9a-4513-457c-ad00-350a7d4a5767		Running time	'101 start of getting the body- KSBase - getProductFamily':	0.00	sec 
17:41:08.655 [Thread-5] INFO  c.k.k.r.RuntimeMeasureService - 	32641f9a-4513-457c-ad00-350a7d4a5767		Running time	'102 end of getting the body- KSBase - getProductFamily':	0.00	sec 
17:41:08.838 [Thread-5] INFO  c.k.k.r.RuntimeMeasureService - 	32641f9a-4513-457c-ad00-350a7d4a5767		Running time	'11 execution time of the creation of the connection- KSBase - getProductFamily':	0.18	sec 
17:42:24.005 [http-nio-8190-exec-5] INFO  c.k.k.s.q.QueryMetaDataController - 	a692167c-30b9-48cb-8e29-501e22e8681a		Running time	'PF1: QueryMetadataController.(get)ProductFamilies(...) start - query preparation':	0.00	sec 
17:42:24.006 [Thread-6] INFO  c.k.k.r.RuntimeMeasureService - 	e34d30a8-0351-4ac1-86b6-5c4418bde53f		Running time	'10 start of the creation of the connection- KSBase - getProductFamily':	0.00	sec 
17:42:24.007 [Thread-6] INFO  c.k.k.r.RuntimeMeasureService - 	e34d30a8-0351-4ac1-86b6-5c4418bde53f		Running time	'101 start of getting the body- KSBase - getProductFamily':	0.00	sec 
17:42:24.008 [Thread-6] INFO  c.k.k.r.RuntimeMeasureService - 	e34d30a8-0351-4ac1-86b6-5c4418bde53f		Running time	'102 end of getting the body- KSBase - getProductFamily':	0.00	sec 
17:42:24.201 [Thread-6] INFO  c.k.k.r.RuntimeMeasureService - 	e34d30a8-0351-4ac1-86b6-5c4418bde53f		Running time	'11 execution time of the creation of the connection- KSBase - getProductFamily':	0.19	sec 
17:43:10.354 [http-nio-8190-exec-3] INFO  c.k.k.s.q.QueryMetaDataController - 	bc297d72-3d06-4f5c-bc96-4f64e4e619ea		Running time	'PF3: Evaluation of the result - service end':	121.71	sec 
17:43:10.354 [http-nio-8190-exec-3] INFO  c.k.k.s.q.QueryMetaDataController - 	bc297d72-3d06-4f5c-bc96-4f64e4e619ea		Running time	'PF4: QueryMetadataController.productFamilies(...) start - end':	121.73	sec 
17:44:24.332 [http-nio-8190-exec-5] INFO  c.k.k.s.q.QueryMetaDataController - 	a692167c-30b9-48cb-8e29-501e22e8681a		Running time	'PF3: Evaluation of the result - service end':	120.33	sec 
17:44:24.332 [http-nio-8190-exec-5] INFO  c.k.k.s.q.QueryMetaDataController - 	a692167c-30b9-48cb-8e29-501e22e8681a		Running time	'PF4: QueryMetadataController.productFamilies(...) start - end':	120.33	sec 
17:47:05.775 [http-nio-8190-exec-1] INFO  c.k.k.s.q.QueryMetaDataController - 	04a36bbf-d6e0-4baa-83af-31a4d702d00d		Running time	'PF1: QueryMetadataController.(get)ProductFamilies(...) start - query preparation':	0.07	sec 
17:47:05.941 [Thread-3] INFO  c.k.k.r.RuntimeMeasureService - 	89195ee8-c417-40a8-99d6-da335ef46c6e		Running time	'10 start of the creation of the connection- KSBase - getProductFamily':	0.00	sec 
17:47:05.986 [Thread-3] INFO  c.k.k.r.RuntimeMeasureService - 	89195ee8-c417-40a8-99d6-da335ef46c6e		Running time	'101 start of getting the body- KSBase - getProductFamily':	0.04	sec 
17:47:05.987 [Thread-3] INFO  c.k.k.r.RuntimeMeasureService - 	89195ee8-c417-40a8-99d6-da335ef46c6e		Running time	'102 end of getting the body- KSBase - getProductFamily':	0.00	sec 
17:47:09.228 [Thread-3] INFO  c.k.k.r.RuntimeMeasureService - 	89195ee8-c417-40a8-99d6-da335ef46c6e		Running time	'11 execution time of the creation of the connection- KSBase - getProductFamily':	3.24	sec 
17:47:09.811 [Thread-3] INFO  CamosWrapperFactory - 	04a36bbf-d6e0-4baa-83af-31a4d702d00d	Call succeeded in 3865 ms - KSBase - getProductFamily {"timestamp": "2020-04-02 17:47:09+0530", "class": "CamosWrapperFactory", "uid": "04a36bbf-d6e0-4baa-83af-31a4d702d00d", "system": "KSBase", "step": "getProductFamily", "duration": "3865"}
17:47:09.811 [Thread-3] INFO  c.k.k.r.RuntimeMeasureService - 	89195ee8-c417-40a8-99d6-da335ef46c6e		Running time	'12 Call succeeded in- KSBase - getProductFamily':	0.58	sec 
17:47:11.053 [http-nio-8190-exec-1] INFO  c.k.k.s.q.QueryMetaDataController - 	04a36bbf-d6e0-4baa-83af-31a4d702d00d		Running time	'PF2: Query the backend and merge the result':	5.28	sec 
17:47:11.173 [http-nio-8190-exec-1] INFO  c.k.k.s.q.QueryMetaDataController - 	04a36bbf-d6e0-4baa-83af-31a4d702d00d		Running time	'PF3: Evaluation of the result - service end':	0.12	sec 
17:47:11.174 [http-nio-8190-exec-1] INFO  c.k.k.s.q.QueryMetaDataController - 	04a36bbf-d6e0-4baa-83af-31a4d702d00d		Running time	'PF4: QueryMetadataController.productFamilies(...) start - end':	5.46	sec 
17:47:25.297 [http-nio-8190-exec-3] INFO  c.k.k.s.query.QueryController - 	1da8be90-a269-4851-9af0-ce2b9eabb2bd		Running time	'TS1: QueryController.typeSeries(...) start - query preparation, custom part':	0.02	sec 
17:47:25.318 [http-nio-8190-exec-3] INFO  c.k.k.s.query.QueryController - 	1da8be90-a269-4851-9af0-ce2b9eabb2bd		Running time	'COMMON_SERVICE2: Query preparation, common part':	0.02	sec 
17:47:25.329 [http-nio-8190-exec-3] INFO  c.k.k.s.query.QueryController - 	1da8be90-a269-4851-9af0-ce2b9eabb2bd		Running time	'COMMON_SERVICE3: Check the cache content':	0.01	sec 
17:47:25.339 [http-nio-8190-exec-3] INFO  c.k.k.s.query.QueryController - 	1da8be90-a269-4851-9af0-ce2b9eabb2bd		Running time	'01 start of call.executeBackendQuery in CommonService (finish by step 18)EasySelect':	0.01	sec 
17:47:25.357 [ForkJoinPool.commonPool-worker-25] INFO  c.k.k.s.query.QueryController - 	1da8be90-a269-4851-9af0-ce2b9eabb2bd		Running time	'18 execution time of call.executeBackendQuery in CommonService (started at step 01)KSBase':	0.02	sec 
17:47:25.357 [http-nio-8190-exec-3] INFO  c.k.k.s.query.QueryController - 	1da8be90-a269-4851-9af0-ce2b9eabb2bd		Running time	'18 execution time of call.executeBackendQuery in CommonService (started at step 01)EasySelect':	0.02	sec 
17:47:25.358 [http-nio-8190-exec-3] INFO  c.k.k.s.query.QueryController - 	1da8be90-a269-4851-9af0-ce2b9eabb2bd		Running time	'19 start of merging query results (finish by step 22)':	0.00	sec 
17:47:25.359 [http-nio-8190-exec-3] INFO  c.k.k.s.query.QueryController - 	1da8be90-a269-4851-9af0-ce2b9eabb2bd		Running time	'20 start of merge get()':	0.00	sec 
17:47:25.362 [EurekaBackendQueryExecutor-2] INFO  c.k.k.s.query.QueryController - 	1da8be90-a269-4851-9af0-ce2b9eabb2bd	91447e08-45da-4218-94cf-ac42d202cebe	Running time	'03 start of the getsupplier function ':	0.00	sec 
17:47:25.362 [EurekaBackendQueryExecutor-1] INFO  c.k.k.s.query.QueryController - 	1da8be90-a269-4851-9af0-ce2b9eabb2bd	9aef87c7-a13f-4d7e-ab1d-0c1c2f510201	Running time	'03 start of the getsupplier function ':	0.00	sec 
17:47:25.362 [EurekaBackendQueryExecutor-2] INFO  c.k.k.s.query.QueryController - 	1da8be90-a269-4851-9af0-ce2b9eabb2bd	91447e08-45da-4218-94cf-ac42d202cebe	Running time	'04 start of the new supplier creationEasySelect':	0.00	sec 
17:47:25.362 [EurekaBackendQueryExecutor-1] INFO  c.k.k.s.query.QueryController - 	1da8be90-a269-4851-9af0-ce2b9eabb2bd	9aef87c7-a13f-4d7e-ab1d-0c1c2f510201	Running time	'04 start of the new supplier creationKSBase':	0.00	sec 
17:47:25.366 [EurekaBackendQueryExecutor-1] INFO  c.k.k.s.query.QueryController - 	1da8be90-a269-4851-9af0-ce2b9eabb2bd	9aef87c7-a13f-4d7e-ab1d-0c1c2f510201	Running time	'05 asynch 1 - start of getsupplier get (finish by step 14)KSBase':	0.00	sec 
17:47:25.366 [EurekaBackendQueryExecutor-2] INFO  c.k.k.s.query.QueryController - 	1da8be90-a269-4851-9af0-ce2b9eabb2bd	91447e08-45da-4218-94cf-ac42d202cebe	Running time	'05 asynch 1 - start of getsupplier get (finish by step 14)EasySelect':	0.00	sec 
17:47:25.367 [EurekaBackendQueryExecutor-1] INFO  c.k.k.s.query.QueryController - 	1da8be90-a269-4851-9af0-ce2b9eabb2bd		Running time	'06 asynch 1 - start of get configuration and create request':	0.01	sec 
17:47:25.367 [EurekaBackendQueryExecutor-2] INFO  c.k.k.s.query.QueryController - 	1da8be90-a269-4851-9af0-ce2b9eabb2bd		Running time	'06 asynch 1 - start of get configuration and create request':	0.01	sec 
17:47:25.371 [EurekaBackendQueryExecutor-2] INFO  c.k.k.s.query.QueryController - 	1da8be90-a269-4851-9af0-ce2b9eabb2bd		Running time	'07 asynch 1 - execution time of get configuration and create request':	0.00	sec 
17:47:25.371 [EurekaBackendQueryExecutor-1] INFO  c.k.k.s.query.QueryController - 	1da8be90-a269-4851-9af0-ce2b9eabb2bd		Running time	'07 asynch 1 - execution time of get configuration and create request':	0.00	sec 
17:47:25.372 [EurekaBackendQueryExecutor-2] INFO  c.k.k.s.query.QueryController - 	1da8be90-a269-4851-9af0-ce2b9eabb2bd	91447e08-45da-4218-94cf-ac42d202cebe	Running time	'08 asynch 1 - start of getsupplier fetchEasySelect':	0.01	sec 
17:47:25.372 [EurekaBackendQueryExecutor-1] INFO  c.k.k.s.query.QueryController - 	1da8be90-a269-4851-9af0-ce2b9eabb2bd	9aef87c7-a13f-4d7e-ab1d-0c1c2f510201	Running time	'08 asynch 1 - start of getsupplier fetchKSBase':	0.01	sec 
17:47:25.372 [EurekaBackendQueryExecutor-2] INFO  c.k.k.s.query.QueryController - 	1da8be90-a269-4851-9af0-ce2b9eabb2bd	91447e08-45da-4218-94cf-ac42d202cebe	Running time	'09 start of the complete asynchron call - asynch 2 (finish by step 13)- EasySelect - getConstrainedTypeseries':	0.00	sec 
17:47:25.372 [EurekaBackendQueryExecutor-1] INFO  c.k.k.s.query.QueryController - 	1da8be90-a269-4851-9af0-ce2b9eabb2bd	9aef87c7-a13f-4d7e-ab1d-0c1c2f510201	Running time	'09 start of the complete asynchron call - asynch 2 (finish by step 13)- KSBase - getConstrainedTypeseries':	0.00	sec 
17:47:25.373 [Thread-4] INFO  c.k.k.s.query.QueryController - 	1da8be90-a269-4851-9af0-ce2b9eabb2bd	cfbb9cd2-1a88-4c9e-a8be-363b17accf2b	Running time	'10 start of the creation of the connection- EasySelect - getConstrainedTypeseries':	0.00	sec 
17:47:25.373 [Thread-5] INFO  c.k.k.s.query.QueryController - 	1da8be90-a269-4851-9af0-ce2b9eabb2bd	80f2493d-07fc-42e0-ad9f-8fed9dfe2f82	Running time	'10 start of the creation of the connection- KSBase - getConstrainedTypeseries':	0.00	sec 
17:47:25.374 [Thread-4] INFO  c.k.k.s.query.QueryController - 	1da8be90-a269-4851-9af0-ce2b9eabb2bd	cfbb9cd2-1a88-4c9e-a8be-363b17accf2b	Running time	'101 start of getting the body- EasySelect - getConstrainedTypeseries':	0.00	sec 
17:47:25.374 [Thread-5] INFO  c.k.k.s.query.QueryController - 	1da8be90-a269-4851-9af0-ce2b9eabb2bd	80f2493d-07fc-42e0-ad9f-8fed9dfe2f82	Running time	'101 start of getting the body- KSBase - getConstrainedTypeseries':	0.00	sec 
17:47:25.623 [Thread-5] INFO  c.k.k.s.query.QueryController - 	1da8be90-a269-4851-9af0-ce2b9eabb2bd	80f2493d-07fc-42e0-ad9f-8fed9dfe2f82	Running time	'102 end of getting the body- KSBase - getConstrainedTypeseries':	0.25	sec 
17:47:25.623 [Thread-4] INFO  c.k.k.s.query.QueryController - 	1da8be90-a269-4851-9af0-ce2b9eabb2bd	cfbb9cd2-1a88-4c9e-a8be-363b17accf2b	Running time	'102 end of getting the body- EasySelect - getConstrainedTypeseries':	0.25	sec 
17:47:25.771 [Thread-5] INFO  c.k.k.s.query.QueryController - 	1da8be90-a269-4851-9af0-ce2b9eabb2bd	80f2493d-07fc-42e0-ad9f-8fed9dfe2f82	Running time	'11 execution time of the creation of the connection- KSBase - getConstrainedTypeseries':	0.15	sec 
17:47:25.774 [Thread-4] INFO  c.k.k.s.query.QueryController - 	1da8be90-a269-4851-9af0-ce2b9eabb2bd	cfbb9cd2-1a88-4c9e-a8be-363b17accf2b	Running time	'11 execution time of the creation of the connection- EasySelect - getConstrainedTypeseries':	0.15	sec 
17:47:27.099 [Thread-5] INFO  CamosWrapperFactory - 	null	Call succeeded in 1724 ms - KSBase - getConstrainedTypeseries {"timestamp": "2020-04-02 17:47:27+0530", "class": "CamosWrapperFactory", "uid": "null", "system": "KSBase", "step": "getConstrainedTypeseries", "duration": "1724"}
17:47:27.099 [Thread-5] INFO  c.k.k.s.query.QueryController - 	1da8be90-a269-4851-9af0-ce2b9eabb2bd	80f2493d-07fc-42e0-ad9f-8fed9dfe2f82	Running time	'12 Call succeeded in- KSBase - getConstrainedTypeseries':	1.33	sec 
17:47:27.154 [EurekaBackendQueryExecutor-1] INFO  c.k.k.s.query.QueryController - 	1da8be90-a269-4851-9af0-ce2b9eabb2bd	9aef87c7-a13f-4d7e-ab1d-0c1c2f510201	Running time	'13 Asynchron call succeeded in - end asynch 2 (started at step 09)- KSBase - getConstrainedTypeseries':	1.78	sec 
17:47:27.234 [EurekaBackendQueryExecutor-1] INFO  c.k.k.s.query.QueryController - 	1da8be90-a269-4851-9af0-ce2b9eabb2bd	9aef87c7-a13f-4d7e-ab1d-0c1c2f510201	Running time	'14 asynch 1 -  getsupplier get end (started at step 05)KSBase':	0.08	sec 
17:47:27.235 [http-nio-8190-exec-3] INFO  c.k.k.s.query.QueryController - 	1da8be90-a269-4851-9af0-ce2b9eabb2bd		Running time	'21 execution time of merge get()':	1.86	sec 
17:47:27.236 [http-nio-8190-exec-3] INFO  c.k.k.s.query.QueryController - 	1da8be90-a269-4851-9af0-ce2b9eabb2bd		Running time	'22 execution time of merging query results (started at step 19)':	0.00	sec 
17:47:27.236 [http-nio-8190-exec-3] INFO  c.k.k.s.query.QueryController - 	1da8be90-a269-4851-9af0-ce2b9eabb2bd		Running time	'20 start of merge get()':	0.00	sec 
17:47:30.579 [Thread-4] INFO  CamosWrapperFactory - 	null	Call succeeded in 5205 ms - EasySelect - getConstrainedTypeseries {"timestamp": "2020-04-02 17:47:30+0530", "class": "CamosWrapperFactory", "uid": "null", "system": "EasySelect", "step": "getConstrainedTypeseries", "duration": "5205"}
17:47:30.582 [Thread-4] INFO  c.k.k.s.query.QueryController - 	1da8be90-a269-4851-9af0-ce2b9eabb2bd	cfbb9cd2-1a88-4c9e-a8be-363b17accf2b	Running time	'12 Call succeeded in- EasySelect - getConstrainedTypeseries':	4.81	sec 
17:47:30.587 [EurekaBackendQueryExecutor-2] INFO  c.k.k.s.query.QueryController - 	1da8be90-a269-4851-9af0-ce2b9eabb2bd	91447e08-45da-4218-94cf-ac42d202cebe	Running time	'13 Asynchron call succeeded in - end asynch 2 (started at step 09)- EasySelect - getConstrainedTypeseries':	5.21	sec 
17:47:30.699 [EurekaBackendQueryExecutor-2] INFO  c.k.k.s.query.QueryController - 	1da8be90-a269-4851-9af0-ce2b9eabb2bd	91447e08-45da-4218-94cf-ac42d202cebe	Running time	'14 asynch 1 -  getsupplier get end (started at step 05)EasySelect':	0.11	sec 
17:47:30.699 [http-nio-8190-exec-3] INFO  c.k.k.s.query.QueryController - 	1da8be90-a269-4851-9af0-ce2b9eabb2bd		Running time	'21 execution time of merge get()':	3.46	sec 
17:47:30.700 [http-nio-8190-exec-3] INFO  c.k.k.s.query.QueryController - 	1da8be90-a269-4851-9af0-ce2b9eabb2bd		Running time	'22 execution time of merging query results (started at step 19)':	0.00	sec 
17:47:30.703 [http-nio-8190-exec-3] INFO  c.k.k.s.query.QueryController - 	1da8be90-a269-4851-9af0-ce2b9eabb2bd		Running time	'COMMON_SERVICE3: Query and merge the result':	0.00	sec 
17:47:30.739 [http-nio-8190-exec-3] INFO  c.k.k.s.query.QueryController - 	1da8be90-a269-4851-9af0-ce2b9eabb2bd		Running time	'TS_PV4: Make matrix':	0.04	sec 
17:47:30.747 [http-nio-8190-exec-3] INFO  c.k.k.s.query.QueryController - 	1da8be90-a269-4851-9af0-ce2b9eabb2bd		Running time	'TS5: Evaluation of the result - service end':	0.01	sec 
17:47:30.748 [http-nio-8190-exec-3] INFO  c.k.k.s.query.QueryController - 	1da8be90-a269-4851-9af0-ce2b9eabb2bd		Running time	'TS6: QueryController.typeSeries(...) start - end':	5.47	sec 
